2026-02-28 21:25:39,735 [INFO] Will scrape 1 makes: ['Cessna']
2026-02-28 21:25:39,736 [INFO] ==================================================
2026-02-28 21:25:39,737 [INFO] Scraping make: Cessna
2026-02-28 21:25:39,737 [INFO] Fetching: https://www.aerotrader.com/Cessna-Aircraft/aircraft-for-sale?condition=U&make=Cessna
2026-02-28 21:25:40,394 [WARNING] Blocked (403). Waiting 11.0s...
2026-02-28 21:25:52,781 [INFO] Total pages for Cessna: 1
2026-02-28 21:25:52,834 [WARNING] Could not find listing cards with known selectors — trying heuristic
2026-02-28 21:25:52,847 [INFO]   Page 1: found 37 listing cards
2026-02-28 21:25:52,850 [INFO] Completed Cessna: 0 total listings scraped
2026-02-28 21:25:52,850 [INFO] 
==================================================
2026-02-28 21:25:52,851 [INFO] SCRAPE COMPLETE: 0 total listings processed
2026-02-28 21:37:16,242 [INFO] Will scrape 1 makes: ['Cessna']
2026-02-28 21:37:16,243 [INFO] ==================================================
2026-02-28 21:37:16,243 [INFO] Scraping make: Cessna
2026-02-28 21:37:16,243 [INFO] Fetching: https://www.aerotrader.com/Cessna-Aircraft/aircraft-for-sale?condition=U&make=Cessna
2026-02-28 21:37:16,966 [WARNING] Blocked (403). Waiting 11.0s...
2026-02-28 21:37:28,453 [WARNING] Blocked (403). Waiting 21.0s...
2026-02-28 21:37:49,575 [WARNING] Blocked (403). Waiting 31.8s...
2026-02-28 21:38:22,681 [ERROR] All retries exhausted for https://www.aerotrader.com/Cessna-Aircraft/aircraft-for-sale?condition=U&make=Cessna
2026-02-28 21:38:22,681 [ERROR] Failed to fetch first page for Cessna
2026-02-28 21:38:22,681 [INFO] 
==================================================
2026-02-28 21:38:22,681 [INFO] SCRAPE COMPLETE: 0 total listings processed
2026-02-28 23:35:13,014 [INFO] Will scrape 1 makes: ['Cessna']
2026-02-28 23:35:13,015 [INFO] ==================================================
2026-02-28 23:35:13,015 [INFO] Scraping make: Cessna
2026-02-28 23:35:13,015 [INFO] Fetching: https://www.aerotrader.com/Cessna-Aircraft/aircraft-for-sale?condition=U&make=Cessna
2026-02-28 23:35:13,539 [WARNING] Blocked (403). Waiting 19.5s...
2026-02-28 23:35:33,523 [WARNING] Blocked (403). Waiting 23.5s...
2026-02-28 23:35:57,060 [WARNING] Blocked (403). Waiting 34.2s...
2026-02-28 23:36:31,278 [ERROR] All retries exhausted for https://www.aerotrader.com/Cessna-Aircraft/aircraft-for-sale?condition=U&make=Cessna
2026-02-28 23:36:31,278 [ERROR] Failed to fetch first page for Cessna
2026-02-28 23:36:31,278 [INFO] 
==================================================
2026-02-28 23:36:31,278 [INFO] SCRAPE COMPLETE: 0 total listings processed
2026-02-28 23:38:52,465 [INFO] Will scrape 1 makes: ['Cessna']
2026-02-28 23:38:52,465 [INFO] ==================================================
2026-02-28 23:38:52,466 [INFO] Scraping make: Cessna
2026-02-28 23:38:52,466 [INFO] Fetching: https://www.aerotrader.com/Cessna-Aircraft/aircraft-for-sale?condition=U&make=Cessna
2026-02-28 23:38:53,194 [WARNING] Blocked (403). Waiting 15.6s...
2026-02-28 23:39:10,228 [INFO] Total pages for Cessna: 1
2026-02-28 23:39:10,231 [INFO]   Page 1: found 38 listing cards
2026-02-28 23:39:10,293 [INFO] Completed Cessna: 38 total listings scraped
2026-02-28 23:39:10,293 [INFO] 
==================================================
2026-02-28 23:39:10,293 [INFO] SCRAPE COMPLETE: 38 total listings processed
2026-02-28 23:51:25,815 [INFO] Will scrape 1 makes: ['Cessna']
2026-02-28 23:51:25,815 [INFO] Rate limit: 12 req/min, retries: 5
2026-02-28 23:51:37,948 [INFO] Will scrape 1 makes: ['Cessna']
2026-02-28 23:51:37,948 [INFO] Rate limit: 12 req/min, retries: 5
2026-02-28 23:51:38,506 [INFO] Launching Playwright browser...
2026-02-28 23:51:38,995 [INFO] ==================================================
2026-02-28 23:51:38,995 [INFO] Scraping make: Cessna
2026-02-28 23:51:38,995 [INFO] Fetching: https://www.aerotrader.com/Cessna-Aircraft/aircraft-for-sale?condition=U&make=Cessna
2026-02-28 23:51:41,795 [WARNING] Blocked (403). Waiting 10.2s [make=Cessna]
2026-02-28 23:51:52,044 [WARNING] Blocked (403). Waiting 17.8s [make=Cessna]
2026-02-28 23:52:09,918 [WARNING] Blocked (403). Waiting 35.2s [make=Cessna]
2026-02-28 23:52:45,305 [WARNING] Blocked (403). Waiting 74.2s [make=Cessna]
2026-02-28 23:53:59,773 [WARNING] Blocked (403). Waiting 120.0s [make=Cessna]
2026-02-28 23:54:48,926 [INFO] Will scrape 1 makes: ['Cessna']
2026-02-28 23:54:48,926 [INFO] Rate limit: 12 req/min, retries: 5
2026-02-28 23:54:49,472 [INFO] Launching Playwright browser...
2026-02-28 23:54:49,566 [INFO] ==================================================
2026-02-28 23:54:49,566 [INFO] Scraping make: Cessna
2026-02-28 23:54:49,566 [INFO] Fetching: https://www.aerotrader.com/Cessna-Aircraft/aircraft-for-sale?condition=U&make=Cessna
2026-02-28 23:54:49,870 [WARNING] Blocked (403). Waiting 9.7s [make=Cessna]
2026-02-28 23:54:59,592 [WARNING] Blocked (403). Waiting 17.8s [make=Cessna]
2026-02-28 23:55:17,482 [WARNING] Blocked (403). Waiting 41.1s [make=Cessna]
2026-02-28 23:55:58,842 [WARNING] Blocked (403). Waiting 70.6s [make=Cessna]
2026-02-28 23:55:59,773 [ERROR] All retries exhausted for https://www.aerotrader.com/Cessna-Aircraft/aircraft-for-sale?condition=U&make=Cessna
2026-02-28 23:55:59,774 [ERROR] Failed to fetch first page for Cessna
2026-02-28 23:55:59,808 [INFO] 
==================================================
2026-02-28 23:55:59,809 [INFO] SCRAPE COMPLETE: 0 total listings processed
2026-02-28 23:57:09,675 [WARNING] Blocked (403). Waiting 120.0s [make=Cessna]
2026-02-28 23:59:09,675 [ERROR] All retries exhausted for https://www.aerotrader.com/Cessna-Aircraft/aircraft-for-sale?condition=U&make=Cessna
2026-02-28 23:59:09,675 [ERROR] Failed to fetch first page for Cessna
2026-02-28 23:59:09,703 [INFO] 
==================================================
2026-02-28 23:59:09,703 [INFO] SCRAPE COMPLETE: 0 total listings processed
2026-03-08 00:15:25,071 [INFO] Will scrape 44 makes: ['Cessna', 'Piper', 'Beechcraft', 'Cirrus', 'Mooney', 'Bonanza', 'Diamond', 'Commander', 'Grumman', 'Maule', 'Bellanca', 'Luscombe', 'Taylorcraft', 'Aeronca', 'Stinson', 'Globe', 'Ercoupe', 'Helio', 'Lake', 'Navion', 'Socata', 'Robin', 'Zenith', 'Vans', 'Piper-Twin', 'Cessna-Twin', 'King-Air', 'TBM', 'PC-12', 'Daher', 'Socata-Turboprop', 'Citation', 'Learjet', 'Falcon', 'Gulfstream', 'Hawker', 'Embraer', 'Bell', 'Robinson', 'Schweizer', 'Hughes', 'Sikorsky', 'Eurocopter', 'Agusta']
2026-03-08 00:15:25,071 [INFO] Rate limit: 12 req/min, retries: 5
2026-03-08 00:15:25,583 [INFO] Launching Playwright browser...
2026-03-08 00:15:25,677 [INFO] ==================================================
2026-03-08 00:15:25,678 [INFO] Scraping make: Cessna
2026-03-08 00:15:25,678 [INFO] Fetching: https://www.aerotrader.com/Cessna-Aircraft/aircraft-for-sale?condition=U&make=Cessna
2026-03-08 00:15:28,424 [WARNING] Blocked (403). Waiting 8.1s [make=Cessna]
2026-03-08 00:15:36,563 [WARNING] Blocked (403). Waiting 19.7s [make=Cessna]
2026-03-08 00:15:56,315 [WARNING] Blocked (403). Waiting 35.1s [make=Cessna]
2026-03-08 00:16:31,661 [WARNING] Blocked (403). Waiting 72.7s [make=Cessna]
2026-03-08 00:17:44,599 [WARNING] Blocked (403). Waiting 120.0s [make=Cessna]
2026-03-08 00:19:44,595 [ERROR] All retries exhausted for https://www.aerotrader.com/Cessna-Aircraft/aircraft-for-sale?condition=U&make=Cessna
2026-03-08 00:19:44,595 [ERROR] Failed to fetch first page for Cessna
2026-03-08 00:19:44,595 [INFO] ==================================================
2026-03-08 00:19:44,595 [INFO] Scraping make: Piper
2026-03-08 00:19:44,595 [INFO] Fetching: https://www.aerotrader.com/Piper-Aircraft/aircraft-for-sale?condition=U&make=Piper
2026-03-08 00:19:44,807 [WARNING] Blocked (403). Waiting 8.4s [make=Piper]
2026-03-08 00:19:53,256 [WARNING] Blocked (403). Waiting 20.3s [make=Piper]
2026-03-08 00:20:13,676 [WARNING] Blocked (403). Waiting 40.0s [make=Piper]
2026-03-08 00:20:53,835 [WARNING] Blocked (403). Waiting 79.0s [make=Piper]
2026-03-08 00:22:12,941 [WARNING] Blocked (403). Waiting 120.0s [make=Piper]
2026-03-08 00:24:12,937 [ERROR] All retries exhausted for https://www.aerotrader.com/Piper-Aircraft/aircraft-for-sale?condition=U&make=Piper
2026-03-08 00:24:12,937 [ERROR] Failed to fetch first page for Piper
2026-03-08 00:24:12,937 [INFO] ==================================================
2026-03-08 00:24:12,937 [INFO] Scraping make: Beechcraft
2026-03-08 00:24:12,937 [INFO] Fetching: https://www.aerotrader.com/Beechcraft-Aircraft/aircraft-for-sale?condition=U&make=Beechcraft
2026-03-08 00:24:13,063 [WARNING] Blocked (403). Waiting 10.3s [make=Beechcraft]
2026-03-08 00:24:23,461 [WARNING] Blocked (403). Waiting 20.1s [make=Beechcraft]
2026-03-08 00:24:43,632 [WARNING] Blocked (403). Waiting 32.4s [make=Beechcraft]
2026-03-08 00:25:16,363 [WARNING] Blocked (403). Waiting 67.8s [make=Beechcraft]
2026-03-08 00:26:24,297 [WARNING] Blocked (403). Waiting 120.0s [make=Beechcraft]
2026-03-08 00:28:24,292 [ERROR] All retries exhausted for https://www.aerotrader.com/Beechcraft-Aircraft/aircraft-for-sale?condition=U&make=Beechcraft
2026-03-08 00:28:24,292 [ERROR] Failed to fetch first page for Beechcraft
2026-03-08 00:28:24,292 [INFO] ==================================================
2026-03-08 00:28:24,292 [INFO] Scraping make: Cirrus
2026-03-08 00:28:24,292 [INFO] Fetching: https://www.aerotrader.com/Cirrus-Aircraft/aircraft-for-sale?condition=U&make=Cirrus
2026-03-08 00:28:24,477 [WARNING] Blocked (403). Waiting 8.3s [make=Cirrus]
2026-03-08 00:28:32,863 [WARNING] Blocked (403). Waiting 18.3s [make=Cirrus]
2026-03-08 00:28:51,233 [WARNING] Blocked (403). Waiting 40.5s [make=Cirrus]
2026-03-08 00:29:31,902 [WARNING] Blocked (403). Waiting 67.1s [make=Cirrus]
2026-03-08 00:30:39,266 [WARNING] Blocked (403). Waiting 120.0s [make=Cirrus]
2026-03-08 00:32:39,263 [ERROR] All retries exhausted for https://www.aerotrader.com/Cirrus-Aircraft/aircraft-for-sale?condition=U&make=Cirrus
2026-03-08 00:32:39,263 [ERROR] Failed to fetch first page for Cirrus
2026-03-08 00:32:39,263 [INFO] ==================================================
2026-03-08 00:32:39,263 [INFO] Scraping make: Mooney
2026-03-08 00:32:39,263 [INFO] Fetching: https://www.aerotrader.com/Mooney-Aircraft/aircraft-for-sale?condition=U&make=Mooney
2026-03-08 00:32:39,474 [WARNING] Blocked (403). Waiting 10.3s [make=Mooney]
2026-03-08 00:32:49,818 [WARNING] Blocked (403). Waiting 16.4s [make=Mooney]
2026-03-08 00:33:06,302 [WARNING] Blocked (403). Waiting 37.4s [make=Mooney]
2026-03-08 00:33:43,868 [WARNING] Blocked (403). Waiting 75.7s [make=Mooney]
2026-03-08 00:34:59,711 [WARNING] Blocked (403). Waiting 120.0s [make=Mooney]
2026-03-08 00:36:59,709 [ERROR] All retries exhausted for https://www.aerotrader.com/Mooney-Aircraft/aircraft-for-sale?condition=U&make=Mooney
2026-03-08 00:36:59,709 [ERROR] Failed to fetch first page for Mooney
2026-03-08 00:36:59,709 [INFO] ==================================================
2026-03-08 00:36:59,709 [INFO] Scraping make: Bonanza
2026-03-08 00:36:59,709 [INFO] Fetching: https://www.aerotrader.com/Bonanza-Aircraft/aircraft-for-sale?condition=U&make=Bonanza
2026-03-08 00:36:59,987 [WARNING] Blocked (403). Waiting 9.5s [make=Bonanza]
2026-03-08 00:37:09,565 [WARNING] Blocked (403). Waiting 19.6s [make=Bonanza]
2026-03-08 00:37:29,224 [WARNING] Blocked (403). Waiting 32.5s [make=Bonanza]
2026-03-08 00:38:01,818 [WARNING] Blocked (403). Waiting 72.4s [make=Bonanza]
2026-03-08 00:39:14,311 [WARNING] Blocked (403). Waiting 120.0s [make=Bonanza]
2026-03-08 00:41:14,309 [ERROR] All retries exhausted for https://www.aerotrader.com/Bonanza-Aircraft/aircraft-for-sale?condition=U&make=Bonanza
2026-03-08 00:41:14,309 [ERROR] Failed to fetch first page for Bonanza
2026-03-08 00:41:14,309 [INFO] ==================================================
2026-03-08 00:41:14,309 [INFO] Scraping make: Diamond
2026-03-08 00:41:14,309 [INFO] Fetching: https://www.aerotrader.com/Diamond-Aircraft/aircraft-for-sale?condition=U&make=Diamond
2026-03-08 00:41:14,520 [WARNING] Blocked (403). Waiting 8.3s [make=Diamond]
2026-03-08 00:41:22,894 [WARNING] Blocked (403). Waiting 19.7s [make=Diamond]
2026-03-08 00:41:42,640 [WARNING] Blocked (403). Waiting 37.6s [make=Diamond]
2026-03-08 00:42:20,380 [WARNING] Blocked (403). Waiting 67.0s [make=Diamond]
2026-03-08 00:43:27,512 [WARNING] Blocked (403). Waiting 120.0s [make=Diamond]
2026-03-08 00:45:27,509 [ERROR] All retries exhausted for https://www.aerotrader.com/Diamond-Aircraft/aircraft-for-sale?condition=U&make=Diamond
2026-03-08 00:45:27,509 [ERROR] Failed to fetch first page for Diamond
2026-03-08 00:45:27,509 [INFO] ==================================================
2026-03-08 00:45:27,509 [INFO] Scraping make: Commander
2026-03-08 00:45:27,509 [INFO] Fetching: https://www.aerotrader.com/Commander-Aircraft/aircraft-for-sale?condition=U&make=Commander
2026-03-08 00:45:27,653 [WARNING] Blocked (403). Waiting 8.7s [make=Commander]
2026-03-08 00:45:36,359 [WARNING] Blocked (403). Waiting 18.6s [make=Commander]
2026-03-08 00:45:55,027 [WARNING] Blocked (403). Waiting 33.4s [make=Commander]
2026-03-08 00:46:28,558 [WARNING] Blocked (403). Waiting 73.1s [make=Commander]
2026-03-08 00:47:41,784 [WARNING] Blocked (403). Waiting 120.0s [make=Commander]
2026-03-08 00:49:41,782 [ERROR] All retries exhausted for https://www.aerotrader.com/Commander-Aircraft/aircraft-for-sale?condition=U&make=Commander
2026-03-08 00:49:41,782 [ERROR] Failed to fetch first page for Commander
2026-03-08 00:49:41,782 [INFO] ==================================================
2026-03-08 00:49:41,782 [INFO] Scraping make: Grumman
2026-03-08 00:49:41,782 [INFO] Fetching: https://www.aerotrader.com/Grumman-Aircraft/aircraft-for-sale?condition=U&make=Grumman
2026-03-08 00:49:41,946 [WARNING] Blocked (403). Waiting 8.3s [make=Grumman]
2026-03-08 00:49:50,331 [WARNING] Blocked (403). Waiting 18.7s [make=Grumman]
2026-03-08 00:50:09,150 [WARNING] Blocked (403). Waiting 33.1s [make=Grumman]
2026-03-08 00:50:42,365 [WARNING] Blocked (403). Waiting 79.7s [make=Grumman]
2026-03-08 00:52:02,188 [WARNING] Blocked (403). Waiting 120.0s [make=Grumman]
2026-03-08 00:54:02,187 [ERROR] All retries exhausted for https://www.aerotrader.com/Grumman-Aircraft/aircraft-for-sale?condition=U&make=Grumman
2026-03-08 00:54:02,187 [ERROR] Failed to fetch first page for Grumman
2026-03-08 00:54:02,187 [INFO] ==================================================
2026-03-08 00:54:02,187 [INFO] Scraping make: Maule
2026-03-08 00:54:02,187 [INFO] Fetching: https://www.aerotrader.com/Maule-Aircraft/aircraft-for-sale?condition=U&make=Maule
2026-03-08 00:54:02,344 [WARNING] Blocked (403). Waiting 8.8s [make=Maule]
2026-03-08 00:54:11,247 [WARNING] Blocked (403). Waiting 17.4s [make=Maule]
2026-03-08 00:54:28,730 [WARNING] Blocked (403). Waiting 40.7s [make=Maule]
2026-03-08 00:55:09,648 [WARNING] Blocked (403). Waiting 66.6s [make=Maule]
2026-03-08 00:56:16,553 [WARNING] Blocked (403). Waiting 120.0s [make=Maule]
2026-03-08 00:58:16,551 [ERROR] All retries exhausted for https://www.aerotrader.com/Maule-Aircraft/aircraft-for-sale?condition=U&make=Maule
2026-03-08 00:58:16,551 [ERROR] Failed to fetch first page for Maule
2026-03-08 00:58:16,551 [INFO] ==================================================
2026-03-08 00:58:16,551 [INFO] Scraping make: Bellanca
2026-03-08 00:58:16,551 [INFO] Fetching: https://www.aerotrader.com/Bellanca-Aircraft/aircraft-for-sale?condition=U&make=Bellanca
2026-03-08 00:58:16,747 [WARNING] Blocked (403). Waiting 9.7s [make=Bellanca]
2026-03-08 00:58:26,523 [WARNING] Blocked (403). Waiting 17.1s [make=Bellanca]
2026-03-08 00:58:43,733 [WARNING] Blocked (403). Waiting 36.9s [make=Bellanca]
2026-03-08 00:59:20,737 [WARNING] Blocked (403). Waiting 69.8s [make=Bellanca]
2026-03-08 01:00:30,712 [WARNING] Blocked (403). Waiting 120.0s [make=Bellanca]
2026-03-08 01:02:30,712 [ERROR] All retries exhausted for https://www.aerotrader.com/Bellanca-Aircraft/aircraft-for-sale?condition=U&make=Bellanca
2026-03-08 01:02:30,712 [ERROR] Failed to fetch first page for Bellanca
2026-03-08 01:02:30,712 [INFO] ==================================================
2026-03-08 01:02:30,712 [INFO] Scraping make: Luscombe
2026-03-08 01:02:30,712 [INFO] Fetching: https://www.aerotrader.com/Luscombe-Aircraft/aircraft-for-sale?condition=U&make=Luscombe
2026-03-08 01:02:30,849 [WARNING] Blocked (403). Waiting 9.8s [make=Luscombe]
2026-03-08 01:02:40,756 [WARNING] Blocked (403). Waiting 19.2s [make=Luscombe]
2026-03-08 01:03:00,044 [WARNING] Blocked (403). Waiting 35.0s [make=Luscombe]
2026-03-08 01:03:35,198 [WARNING] Blocked (403). Waiting 67.7s [make=Luscombe]
2026-03-08 01:04:43,029 [WARNING] Blocked (403). Waiting 120.0s [make=Luscombe]
2026-03-08 01:06:43,027 [ERROR] All retries exhausted for https://www.aerotrader.com/Luscombe-Aircraft/aircraft-for-sale?condition=U&make=Luscombe
2026-03-08 01:06:43,027 [ERROR] Failed to fetch first page for Luscombe
2026-03-08 01:06:43,027 [INFO] ==================================================
2026-03-08 01:06:43,027 [INFO] Scraping make: Taylorcraft
2026-03-08 01:06:43,027 [INFO] Fetching: https://www.aerotrader.com/Taylorcraft-Aircraft/aircraft-for-sale?condition=U&make=Taylorcraft
2026-03-08 01:06:43,270 [WARNING] Blocked (403). Waiting 9.9s [make=Taylorcraft]
2026-03-08 01:06:53,257 [WARNING] Blocked (403). Waiting 18.6s [make=Taylorcraft]
2026-03-08 01:07:11,939 [WARNING] Blocked (403). Waiting 35.0s [make=Taylorcraft]
2026-03-08 01:07:47,053 [WARNING] Blocked (403). Waiting 64.2s [make=Taylorcraft]
2026-03-08 01:08:51,474 [WARNING] Blocked (403). Waiting 120.0s [make=Taylorcraft]
2026-03-08 01:10:51,473 [ERROR] All retries exhausted for https://www.aerotrader.com/Taylorcraft-Aircraft/aircraft-for-sale?condition=U&make=Taylorcraft
2026-03-08 01:10:51,473 [ERROR] Failed to fetch first page for Taylorcraft
2026-03-08 01:10:51,473 [INFO] ==================================================
2026-03-08 01:10:51,473 [INFO] Scraping make: Aeronca
2026-03-08 01:10:51,473 [INFO] Fetching: https://www.aerotrader.com/Aeronca-Aircraft/aircraft-for-sale?condition=U&make=Aeronca
2026-03-08 01:10:51,618 [WARNING] Blocked (403). Waiting 10.4s [make=Aeronca]
2026-03-08 01:11:02,063 [WARNING] Blocked (403). Waiting 18.2s [make=Aeronca]
2026-03-08 01:11:20,365 [WARNING] Blocked (403). Waiting 36.8s [make=Aeronca]
2026-03-08 01:11:57,305 [WARNING] Blocked (403). Waiting 64.1s [make=Aeronca]
2026-03-08 01:13:01,599 [WARNING] Blocked (403). Waiting 120.0s [make=Aeronca]
2026-03-08 01:15:01,598 [ERROR] All retries exhausted for https://www.aerotrader.com/Aeronca-Aircraft/aircraft-for-sale?condition=U&make=Aeronca
2026-03-08 01:15:01,598 [ERROR] Failed to fetch first page for Aeronca
2026-03-08 01:15:01,598 [INFO] ==================================================
2026-03-08 01:15:01,598 [INFO] Scraping make: Stinson
2026-03-08 01:15:01,598 [INFO] Fetching: https://www.aerotrader.com/Stinson-Aircraft/aircraft-for-sale?condition=U&make=Stinson
2026-03-08 01:15:01,848 [WARNING] Blocked (403). Waiting 9.7s [make=Stinson]
2026-03-08 01:15:11,568 [WARNING] Blocked (403). Waiting 20.2s [make=Stinson]
2026-03-08 01:15:31,864 [WARNING] Blocked (403). Waiting 37.4s [make=Stinson]
2026-03-08 01:16:09,451 [WARNING] Blocked (403). Waiting 72.6s [make=Stinson]
2026-03-08 01:17:22,258 [WARNING] Blocked (403). Waiting 120.0s [make=Stinson]
2026-03-08 01:19:22,258 [ERROR] All retries exhausted for https://www.aerotrader.com/Stinson-Aircraft/aircraft-for-sale?condition=U&make=Stinson
2026-03-08 01:19:22,258 [ERROR] Failed to fetch first page for Stinson
2026-03-08 01:19:22,258 [INFO] ==================================================
2026-03-08 01:19:22,258 [INFO] Scraping make: Globe
2026-03-08 01:19:22,258 [INFO] Fetching: https://www.aerotrader.com/Globe-Aircraft/aircraft-for-sale?condition=U&make=Globe
2026-03-08 01:19:22,400 [WARNING] Blocked (403). Waiting 9.8s [make=Globe]
2026-03-08 01:19:32,258 [WARNING] Blocked (403). Waiting 16.4s [make=Globe]
2026-03-08 01:19:48,710 [WARNING] Blocked (403). Waiting 33.7s [make=Globe]
2026-03-08 01:20:22,699 [WARNING] Blocked (403). Waiting 74.8s [make=Globe]
2026-03-08 01:21:37,612 [WARNING] Blocked (403). Waiting 120.0s [make=Globe]
2026-03-08 01:23:37,612 [ERROR] All retries exhausted for https://www.aerotrader.com/Globe-Aircraft/aircraft-for-sale?condition=U&make=Globe
2026-03-08 01:23:37,612 [ERROR] Failed to fetch first page for Globe
2026-03-08 01:23:37,612 [INFO] ==================================================
2026-03-08 01:23:37,612 [INFO] Scraping make: Ercoupe
2026-03-08 01:23:37,612 [INFO] Fetching: https://www.aerotrader.com/Ercoupe-Aircraft/aircraft-for-sale?condition=U&make=Ercoupe
2026-03-08 01:23:37,879 [WARNING] Blocked (403). Waiting 8.2s [make=Ercoupe]
2026-03-08 01:23:46,201 [WARNING] Blocked (403). Waiting 17.2s [make=Ercoupe]
2026-03-08 01:24:03,518 [WARNING] Blocked (403). Waiting 40.5s [make=Ercoupe]
2026-03-08 01:24:44,225 [WARNING] Blocked (403). Waiting 73.2s [make=Ercoupe]
2026-03-08 01:25:57,690 [WARNING] Blocked (403). Waiting 120.0s [make=Ercoupe]
2026-03-08 01:27:57,690 [ERROR] All retries exhausted for https://www.aerotrader.com/Ercoupe-Aircraft/aircraft-for-sale?condition=U&make=Ercoupe
2026-03-08 01:27:57,690 [ERROR] Failed to fetch first page for Ercoupe
2026-03-08 01:27:57,690 [INFO] ==================================================
2026-03-08 01:27:57,690 [INFO] Scraping make: Helio
2026-03-08 01:27:57,690 [INFO] Fetching: https://www.aerotrader.com/Helio-Aircraft/aircraft-for-sale?condition=U&make=Helio
2026-03-08 01:27:57,871 [WARNING] Blocked (403). Waiting 8.2s [make=Helio]
2026-03-08 01:28:06,115 [WARNING] Blocked (403). Waiting 16.3s [make=Helio]
2026-03-08 01:28:22,430 [WARNING] Blocked (403). Waiting 34.5s [make=Helio]
2026-03-08 01:28:56,958 [WARNING] Blocked (403). Waiting 80.6s [make=Helio]
2026-03-08 01:30:17,684 [WARNING] Blocked (403). Waiting 120.0s [make=Helio]
2026-03-08 01:32:17,684 [ERROR] All retries exhausted for https://www.aerotrader.com/Helio-Aircraft/aircraft-for-sale?condition=U&make=Helio
2026-03-08 01:32:17,684 [ERROR] Failed to fetch first page for Helio
2026-03-08 01:32:17,684 [INFO] ==================================================
2026-03-08 01:32:17,684 [INFO] Scraping make: Lake
2026-03-08 01:32:17,684 [INFO] Fetching: https://www.aerotrader.com/Lake-Aircraft/aircraft-for-sale?condition=U&make=Lake
2026-03-08 01:32:17,822 [WARNING] Blocked (403). Waiting 8.0s [make=Lake]
2026-03-08 01:32:25,910 [WARNING] Blocked (403). Waiting 17.1s [make=Lake]
2026-03-08 01:32:43,119 [WARNING] Blocked (403). Waiting 33.5s [make=Lake]
2026-03-08 01:33:16,673 [WARNING] Blocked (403). Waiting 67.1s [make=Lake]
2026-03-08 01:34:23,890 [WARNING] Blocked (403). Waiting 120.0s [make=Lake]
2026-03-08 01:36:23,890 [ERROR] All retries exhausted for https://www.aerotrader.com/Lake-Aircraft/aircraft-for-sale?condition=U&make=Lake
2026-03-08 01:36:23,890 [ERROR] Failed to fetch first page for Lake
2026-03-08 01:36:23,890 [INFO] ==================================================
2026-03-08 01:36:23,890 [INFO] Scraping make: Navion
2026-03-08 01:36:23,890 [INFO] Fetching: https://www.aerotrader.com/Navion-Aircraft/aircraft-for-sale?condition=U&make=Navion
2026-03-08 01:36:24,045 [WARNING] Blocked (403). Waiting 10.3s [make=Navion]
2026-03-08 01:36:34,464 [WARNING] Blocked (403). Waiting 18.4s [make=Navion]
2026-03-08 01:36:52,940 [WARNING] Blocked (403). Waiting 35.4s [make=Navion]
2026-03-08 01:37:28,638 [WARNING] Blocked (403). Waiting 71.3s [make=Navion]
2026-03-08 01:38:40,143 [WARNING] Blocked (403). Waiting 120.0s [make=Navion]
2026-03-08 01:40:40,143 [ERROR] All retries exhausted for https://www.aerotrader.com/Navion-Aircraft/aircraft-for-sale?condition=U&make=Navion
2026-03-08 01:40:40,143 [ERROR] Failed to fetch first page for Navion
2026-03-08 01:40:40,143 [INFO] ==================================================
2026-03-08 01:40:40,143 [INFO] Scraping make: Socata
2026-03-08 01:40:40,143 [INFO] Fetching: https://www.aerotrader.com/Socata-Aircraft/aircraft-for-sale?condition=U&make=Socata
2026-03-08 01:40:40,291 [WARNING] Blocked (403). Waiting 8.4s [make=Socata]
2026-03-08 01:40:48,812 [WARNING] Blocked (403). Waiting 19.2s [make=Socata]
2026-03-08 01:41:08,119 [WARNING] Blocked (403). Waiting 33.8s [make=Socata]
2026-03-08 01:41:42,029 [WARNING] Blocked (403). Waiting 76.6s [make=Socata]
2026-03-08 01:42:58,826 [WARNING] Blocked (403). Waiting 120.0s [make=Socata]
2026-03-08 01:44:58,825 [ERROR] All retries exhausted for https://www.aerotrader.com/Socata-Aircraft/aircraft-for-sale?condition=U&make=Socata
2026-03-08 01:44:58,825 [ERROR] Failed to fetch first page for Socata
2026-03-08 01:44:58,825 [INFO] ==================================================
2026-03-08 01:44:58,825 [INFO] Scraping make: Robin
2026-03-08 01:44:58,825 [INFO] Fetching: https://www.aerotrader.com/Robin-Aircraft/aircraft-for-sale?condition=U&make=Robin
2026-03-08 01:44:59,083 [WARNING] Blocked (403). Waiting 8.4s [make=Robin]
2026-03-08 01:45:07,541 [WARNING] Blocked (403). Waiting 19.2s [make=Robin]
2026-03-08 01:45:26,820 [WARNING] Blocked (403). Waiting 32.6s [make=Robin]
2026-03-08 01:45:59,576 [WARNING] Blocked (403). Waiting 65.9s [make=Robin]
2026-03-08 01:47:05,594 [WARNING] Blocked (403). Waiting 120.0s [make=Robin]
2026-03-08 01:49:05,595 [ERROR] All retries exhausted for https://www.aerotrader.com/Robin-Aircraft/aircraft-for-sale?condition=U&make=Robin
2026-03-08 01:49:05,595 [ERROR] Failed to fetch first page for Robin
2026-03-08 01:49:05,595 [INFO] ==================================================
2026-03-08 01:49:05,595 [INFO] Scraping make: Zenith
2026-03-08 01:49:05,595 [INFO] Fetching: https://www.aerotrader.com/Zenith-Aircraft/aircraft-for-sale?condition=U&make=Zenith
2026-03-08 01:49:05,800 [WARNING] Blocked (403). Waiting 9.6s [make=Zenith]
2026-03-08 01:49:15,492 [WARNING] Blocked (403). Waiting 20.0s [make=Zenith]
2026-03-08 01:49:35,601 [WARNING] Blocked (403). Waiting 33.2s [make=Zenith]
2026-03-08 01:50:09,055 [WARNING] Blocked (403). Waiting 73.7s [make=Zenith]
2026-03-08 01:51:22,989 [WARNING] Blocked (403). Waiting 120.0s [make=Zenith]
2026-03-08 01:53:22,990 [ERROR] All retries exhausted for https://www.aerotrader.com/Zenith-Aircraft/aircraft-for-sale?condition=U&make=Zenith
2026-03-08 01:53:22,990 [ERROR] Failed to fetch first page for Zenith
2026-03-08 01:53:22,990 [INFO] ==================================================
2026-03-08 01:53:22,990 [INFO] Scraping make: Vans
2026-03-08 01:53:22,990 [INFO] Fetching: https://www.aerotrader.com/Vans-Aircraft/aircraft-for-sale?condition=U&make=Vans
2026-03-08 01:53:23,147 [WARNING] Blocked (403). Waiting 8.8s [make=Vans]
2026-03-08 01:53:32,011 [WARNING] Blocked (403). Waiting 19.7s [make=Vans]
2026-03-08 01:53:51,782 [WARNING] Blocked (403). Waiting 40.0s [make=Vans]
2026-03-08 01:54:32,043 [WARNING] Blocked (403). Waiting 71.3s [make=Vans]
2026-03-08 01:55:43,489 [WARNING] Blocked (403). Waiting 120.0s [make=Vans]
2026-03-08 01:57:43,490 [ERROR] All retries exhausted for https://www.aerotrader.com/Vans-Aircraft/aircraft-for-sale?condition=U&make=Vans
2026-03-08 01:57:43,490 [ERROR] Failed to fetch first page for Vans
2026-03-08 01:57:43,490 [INFO] ==================================================
2026-03-08 01:57:43,490 [INFO] Scraping make: Piper-Twin
2026-03-08 01:57:43,490 [INFO] Fetching: https://www.aerotrader.com/Piper-Twin-Aircraft/aircraft-for-sale?condition=U&make=Piper-Twin
2026-03-08 01:57:43,634 [WARNING] Blocked (403). Waiting 8.2s [make=Piper-Twin]
2026-03-08 01:57:51,939 [WARNING] Blocked (403). Waiting 18.4s [make=Piper-Twin]
2026-03-08 01:58:10,406 [WARNING] Blocked (403). Waiting 34.5s [make=Piper-Twin]
2026-03-08 01:58:45,079 [WARNING] Blocked (403). Waiting 73.2s [make=Piper-Twin]
2026-03-08 01:59:58,445 [WARNING] Blocked (403). Waiting 120.0s [make=Piper-Twin]
2026-03-08 03:01:58,445 [ERROR] All retries exhausted for https://www.aerotrader.com/Piper-Twin-Aircraft/aircraft-for-sale?condition=U&make=Piper-Twin
2026-03-08 03:01:58,445 [ERROR] Failed to fetch first page for Piper-Twin
2026-03-08 03:01:58,445 [INFO] ==================================================
2026-03-08 03:01:58,445 [INFO] Scraping make: Cessna-Twin
2026-03-08 03:01:58,445 [INFO] Fetching: https://www.aerotrader.com/Cessna-Twin-Aircraft/aircraft-for-sale?condition=U&make=Cessna-Twin
2026-03-08 03:01:58,580 [WARNING] Blocked (403). Waiting 10.2s [make=Cessna-Twin]
2026-03-08 03:02:08,873 [WARNING] Blocked (403). Waiting 20.0s [make=Cessna-Twin]
2026-03-08 03:02:28,926 [WARNING] Blocked (403). Waiting 36.2s [make=Cessna-Twin]
2026-03-08 03:03:05,349 [WARNING] Blocked (403). Waiting 70.2s [make=Cessna-Twin]
2026-03-08 03:04:15,698 [WARNING] Blocked (403). Waiting 120.0s [make=Cessna-Twin]
2026-03-08 03:06:15,699 [ERROR] All retries exhausted for https://www.aerotrader.com/Cessna-Twin-Aircraft/aircraft-for-sale?condition=U&make=Cessna-Twin
2026-03-08 03:06:15,699 [ERROR] Failed to fetch first page for Cessna-Twin
2026-03-08 03:06:15,699 [INFO] ==================================================
2026-03-08 03:06:15,699 [INFO] Scraping make: King-Air
2026-03-08 03:06:15,699 [INFO] Fetching: https://www.aerotrader.com/King-Air-Aircraft/aircraft-for-sale?condition=U&make=King-Air
2026-03-08 03:06:15,843 [WARNING] Blocked (403). Waiting 8.4s [make=King-Air]
2026-03-08 03:06:24,284 [WARNING] Blocked (403). Waiting 20.3s [make=King-Air]
2026-03-08 03:06:44,621 [WARNING] Blocked (403). Waiting 39.7s [make=King-Air]
2026-03-08 03:07:24,473 [WARNING] Blocked (403). Waiting 77.3s [make=King-Air]
2026-03-08 03:08:41,970 [WARNING] Blocked (403). Waiting 120.0s [make=King-Air]
2026-03-08 03:10:41,971 [ERROR] All retries exhausted for https://www.aerotrader.com/King-Air-Aircraft/aircraft-for-sale?condition=U&make=King-Air
2026-03-08 03:10:41,971 [ERROR] Failed to fetch first page for King-Air
2026-03-08 03:10:41,971 [INFO] ==================================================
2026-03-08 03:10:41,971 [INFO] Scraping make: TBM
2026-03-08 03:10:41,971 [INFO] Fetching: https://www.aerotrader.com/TBM-Aircraft/aircraft-for-sale?condition=U&make=TBM
2026-03-08 03:10:42,122 [WARNING] Blocked (403). Waiting 8.1s [make=TBM]
2026-03-08 03:10:50,261 [WARNING] Blocked (403). Waiting 17.1s [make=TBM]
2026-03-08 03:11:07,413 [WARNING] Blocked (403). Waiting 38.3s [make=TBM]
2026-03-08 03:11:46,406 [ERROR] HTTP 202 for https://www.aerotrader.com/TBM-Aircraft/aircraft-for-sale?condition=U&make=TBM
2026-03-08 03:11:46,406 [ERROR] Failed to fetch first page for TBM
2026-03-08 03:11:46,406 [INFO] ==================================================
2026-03-08 03:11:46,406 [INFO] Scraping make: PC-12
2026-03-08 03:11:46,406 [INFO] Fetching: https://www.aerotrader.com/PC-12-Aircraft/aircraft-for-sale?condition=U&make=PC-12
2026-03-08 03:11:50,736 [WARNING] Blocked (403). Waiting 9.0s [make=PC-12]
2026-03-08 03:11:59,846 [WARNING] Blocked (403). Waiting 19.1s [make=PC-12]
2026-03-08 03:12:19,017 [WARNING] Blocked (403). Waiting 34.5s [make=PC-12]
2026-03-08 03:12:53,706 [WARNING] Blocked (403). Waiting 68.4s [make=PC-12]
2026-03-08 03:14:02,257 [WARNING] Blocked (403). Waiting 120.0s [make=PC-12]
2026-03-08 03:16:02,258 [ERROR] All retries exhausted for https://www.aerotrader.com/PC-12-Aircraft/aircraft-for-sale?condition=U&make=PC-12
2026-03-08 03:16:02,258 [ERROR] Failed to fetch first page for PC-12
2026-03-08 03:16:02,258 [INFO] ==================================================
2026-03-08 03:16:02,258 [INFO] Scraping make: Daher
2026-03-08 03:16:02,258 [INFO] Fetching: https://www.aerotrader.com/Daher-Aircraft/aircraft-for-sale?condition=U&make=Daher
2026-03-08 03:16:02,450 [WARNING] Blocked (403). Waiting 9.3s [make=Daher]
2026-03-08 03:16:11,773 [WARNING] Blocked (403). Waiting 19.9s [make=Daher]
2026-03-08 03:16:31,694 [WARNING] Blocked (403). Waiting 34.4s [make=Daher]
2026-03-08 03:17:06,377 [WARNING] Blocked (403). Waiting 64.2s [make=Daher]
2026-03-08 03:18:10,790 [WARNING] Blocked (403). Waiting 120.0s [make=Daher]
2026-03-08 03:20:10,791 [ERROR] All retries exhausted for https://www.aerotrader.com/Daher-Aircraft/aircraft-for-sale?condition=U&make=Daher
2026-03-08 03:20:10,791 [ERROR] Failed to fetch first page for Daher
2026-03-08 03:20:10,791 [INFO] ==================================================
2026-03-08 03:20:10,791 [INFO] Scraping make: Socata-Turboprop
2026-03-08 03:20:10,791 [INFO] Fetching: https://www.aerotrader.com/Socata-Turboprop-Aircraft/aircraft-for-sale?condition=U&make=Socata-Turboprop
2026-03-08 03:20:10,947 [WARNING] Blocked (403). Waiting 8.9s [make=Socata-Turboprop]
2026-03-08 03:20:19,912 [WARNING] Blocked (403). Waiting 18.5s [make=Socata-Turboprop]
2026-03-08 03:20:38,541 [WARNING] Blocked (403). Waiting 35.4s [make=Socata-Turboprop]
2026-03-08 03:21:14,193 [WARNING] Blocked (403). Waiting 76.4s [make=Socata-Turboprop]
2026-03-08 03:22:30,788 [WARNING] Blocked (403). Waiting 120.0s [make=Socata-Turboprop]
2026-03-08 03:24:30,789 [ERROR] All retries exhausted for https://www.aerotrader.com/Socata-Turboprop-Aircraft/aircraft-for-sale?condition=U&make=Socata-Turboprop
2026-03-08 03:24:30,789 [ERROR] Failed to fetch first page for Socata-Turboprop
2026-03-08 03:24:30,789 [INFO] ==================================================
2026-03-08 03:24:30,789 [INFO] Scraping make: Citation
2026-03-08 03:24:30,789 [INFO] Fetching: https://www.aerotrader.com/Citation-Aircraft/aircraft-for-sale?condition=U&make=Citation
2026-03-08 03:24:30,920 [WARNING] Blocked (403). Waiting 8.0s [make=Citation]
2026-03-08 03:24:39,006 [WARNING] Blocked (403). Waiting 19.5s [make=Citation]
2026-03-08 03:24:58,591 [WARNING] Blocked (403). Waiting 40.5s [make=Citation]
2026-03-08 03:25:39,398 [WARNING] Blocked (403). Waiting 82.8s [make=Citation]
2026-03-08 03:27:02,410 [WARNING] Blocked (403). Waiting 120.0s [make=Citation]
2026-03-08 03:29:02,411 [ERROR] All retries exhausted for https://www.aerotrader.com/Citation-Aircraft/aircraft-for-sale?condition=U&make=Citation
2026-03-08 03:29:02,411 [ERROR] Failed to fetch first page for Citation
2026-03-08 03:29:02,411 [INFO] ==================================================
2026-03-08 03:29:02,411 [INFO] Scraping make: Learjet
2026-03-08 03:29:02,411 [INFO] Fetching: https://www.aerotrader.com/Learjet-Aircraft/aircraft-for-sale?condition=U&make=Learjet
2026-03-08 03:29:02,622 [WARNING] Blocked (403). Waiting 10.2s [make=Learjet]
2026-03-08 03:29:12,948 [WARNING] Blocked (403). Waiting 19.4s [make=Learjet]
2026-03-08 03:29:32,430 [WARNING] Blocked (403). Waiting 41.5s [make=Learjet]
2026-03-08 03:30:14,101 [WARNING] Blocked (403). Waiting 64.8s [make=Learjet]
2026-03-08 03:31:19,034 [WARNING] Blocked (403). Waiting 120.0s [make=Learjet]
2026-03-08 03:33:19,034 [ERROR] All retries exhausted for https://www.aerotrader.com/Learjet-Aircraft/aircraft-for-sale?condition=U&make=Learjet
2026-03-08 03:33:19,034 [ERROR] Failed to fetch first page for Learjet
2026-03-08 03:33:19,034 [INFO] ==================================================
2026-03-08 03:33:19,034 [INFO] Scraping make: Falcon
2026-03-08 03:33:19,034 [INFO] Fetching: https://www.aerotrader.com/Falcon-Aircraft/aircraft-for-sale?condition=U&make=Falcon
2026-03-08 03:33:19,223 [WARNING] Blocked (403). Waiting 9.2s [make=Falcon]
2026-03-08 03:33:28,512 [WARNING] Blocked (403). Waiting 19.9s [make=Falcon]
2026-03-08 03:33:48,452 [WARNING] Blocked (403). Waiting 35.1s [make=Falcon]
2026-03-08 03:34:24,098 [ERROR] HTTP 202 for https://www.aerotrader.com/Falcon-Aircraft/aircraft-for-sale?condition=U&make=Falcon
2026-03-08 03:34:24,098 [ERROR] Failed to fetch first page for Falcon
2026-03-08 03:34:24,098 [INFO] ==================================================
2026-03-08 03:34:24,098 [INFO] Scraping make: Gulfstream
2026-03-08 03:34:24,098 [INFO] Fetching: https://www.aerotrader.com/Gulfstream-Aircraft/aircraft-for-sale?condition=U&make=Gulfstream
2026-03-08 03:34:28,600 [WARNING] Blocked (403). Waiting 9.4s [make=Gulfstream]
2026-03-08 03:34:38,010 [WARNING] Blocked (403). Waiting 17.9s [make=Gulfstream]
2026-03-08 03:34:55,970 [WARNING] Blocked (403). Waiting 32.8s [make=Gulfstream]
2026-03-08 03:35:28,912 [WARNING] Blocked (403). Waiting 81.5s [make=Gulfstream]
2026-03-08 03:36:50,965 [ERROR] HTTP 405 for https://www.aerotrader.com/Gulfstream-Aircraft/aircraft-for-sale?condition=U&make=Gulfstream
2026-03-08 03:36:50,965 [ERROR] Failed to fetch first page for Gulfstream
2026-03-08 03:36:50,965 [INFO] ==================================================
2026-03-08 03:36:50,965 [INFO] Scraping make: Hawker
2026-03-08 03:36:50,965 [INFO] Fetching: https://www.aerotrader.com/Hawker-Aircraft/aircraft-for-sale?condition=U&make=Hawker
2026-03-08 03:36:55,564 [ERROR] HTTP 405 for https://www.aerotrader.com/Hawker-Aircraft/aircraft-for-sale?condition=U&make=Hawker
2026-03-08 03:36:55,564 [ERROR] Failed to fetch first page for Hawker
2026-03-08 03:36:55,564 [INFO] ==================================================
2026-03-08 03:36:55,564 [INFO] Scraping make: Embraer
2026-03-08 03:36:55,564 [INFO] Fetching: https://www.aerotrader.com/Embraer-Aircraft/aircraft-for-sale?condition=U&make=Embraer
2026-03-08 03:37:00,612 [ERROR] HTTP 405 for https://www.aerotrader.com/Embraer-Aircraft/aircraft-for-sale?condition=U&make=Embraer
2026-03-08 03:37:00,612 [ERROR] Failed to fetch first page for Embraer
2026-03-08 03:37:00,612 [INFO] ==================================================
2026-03-08 03:37:00,612 [INFO] Scraping make: Bell
2026-03-08 03:37:00,612 [INFO] Fetching: https://www.aerotrader.com/Bell-Aircraft/aircraft-for-sale?condition=U&make=Bell
2026-03-08 03:37:05,565 [ERROR] HTTP 405 for https://www.aerotrader.com/Bell-Aircraft/aircraft-for-sale?condition=U&make=Bell
2026-03-08 03:37:05,565 [ERROR] Failed to fetch first page for Bell
2026-03-08 03:37:05,565 [INFO] ==================================================
2026-03-08 03:37:05,565 [INFO] Scraping make: Robinson
2026-03-08 03:37:05,565 [INFO] Fetching: https://www.aerotrader.com/Robinson-Aircraft/aircraft-for-sale?condition=U&make=Robinson
2026-03-08 03:37:10,583 [ERROR] HTTP 405 for https://www.aerotrader.com/Robinson-Aircraft/aircraft-for-sale?condition=U&make=Robinson
2026-03-08 03:37:10,584 [ERROR] Failed to fetch first page for Robinson
2026-03-08 03:37:10,584 [INFO] ==================================================
2026-03-08 03:37:10,584 [INFO] Scraping make: Schweizer
2026-03-08 03:37:10,584 [INFO] Fetching: https://www.aerotrader.com/Schweizer-Aircraft/aircraft-for-sale?condition=U&make=Schweizer
2026-03-08 03:37:15,592 [ERROR] HTTP 405 for https://www.aerotrader.com/Schweizer-Aircraft/aircraft-for-sale?condition=U&make=Schweizer
2026-03-08 03:37:15,592 [ERROR] Failed to fetch first page for Schweizer
2026-03-08 03:37:15,593 [INFO] ==================================================
2026-03-08 03:37:15,593 [INFO] Scraping make: Hughes
2026-03-08 03:37:15,593 [INFO] Fetching: https://www.aerotrader.com/Hughes-Aircraft/aircraft-for-sale?condition=U&make=Hughes
2026-03-08 03:37:20,572 [ERROR] HTTP 405 for https://www.aerotrader.com/Hughes-Aircraft/aircraft-for-sale?condition=U&make=Hughes
2026-03-08 03:37:20,572 [ERROR] Failed to fetch first page for Hughes
2026-03-08 03:37:20,572 [INFO] ==================================================
2026-03-08 03:37:20,572 [INFO] Scraping make: Sikorsky
2026-03-08 03:37:20,572 [INFO] Fetching: https://www.aerotrader.com/Sikorsky-Aircraft/aircraft-for-sale?condition=U&make=Sikorsky
2026-03-08 03:37:25,572 [ERROR] HTTP 405 for https://www.aerotrader.com/Sikorsky-Aircraft/aircraft-for-sale?condition=U&make=Sikorsky
2026-03-08 03:37:25,572 [ERROR] Failed to fetch first page for Sikorsky
2026-03-08 03:37:25,572 [INFO] ==================================================
2026-03-08 03:37:25,572 [INFO] Scraping make: Eurocopter
2026-03-08 03:37:25,572 [INFO] Fetching: https://www.aerotrader.com/Eurocopter-Aircraft/aircraft-for-sale?condition=U&make=Eurocopter
2026-03-08 03:37:30,568 [ERROR] HTTP 405 for https://www.aerotrader.com/Eurocopter-Aircraft/aircraft-for-sale?condition=U&make=Eurocopter
2026-03-08 03:37:30,568 [ERROR] Failed to fetch first page for Eurocopter
2026-03-08 03:37:30,568 [INFO] ==================================================
2026-03-08 03:37:30,568 [INFO] Scraping make: Agusta
2026-03-08 03:37:30,568 [INFO] Fetching: https://www.aerotrader.com/Agusta-Aircraft/aircraft-for-sale?condition=U&make=Agusta
2026-03-08 03:37:35,567 [ERROR] HTTP 405 for https://www.aerotrader.com/Agusta-Aircraft/aircraft-for-sale?condition=U&make=Agusta
2026-03-08 03:37:35,567 [ERROR] Failed to fetch first page for Agusta
2026-03-08 03:37:35,602 [INFO] 
==================================================
2026-03-08 03:37:35,602 [INFO] SCRAPE COMPLETE: 0 total listings processed
